[2018-12-07 06:25:29.446] [exthost1] [info] extension host started
[2018-12-07 06:25:30.569] [exthost1] [info] extension host started
[2018-12-07 06:25:30.613] [exthost1] [info] ExtensionService#_doActivateExtension vscode.debug-auto-launch {"startup":true,"activationEvent":"*"}
[2018-12-07 06:25:30.613] [exthost1] [info] ExtensionService#loadCommonJSModule c:\Users\willi\.codemix\engine\resources\app\extensions\debug-auto-launch\out\extension
[2018-12-07 06:25:30.629] [exthost1] [info] ExtensionService#_doActivateExtension vscode.emmet {"startup":true,"activationEvent":"*"}
[2018-12-07 06:25:30.630] [exthost1] [info] ExtensionService#loadCommonJSModule c:\Users\willi\.codemix\engine\resources\app\extensions\emmet\dist\extension
[2018-12-07 06:25:30.769] [exthost1] [info] ExtensionService#_doActivateExtension vscode.merge-conflict {"startup":true,"activationEvent":"*"}
[2018-12-07 06:25:30.769] [exthost1] [info] ExtensionService#loadCommonJSModule c:\Users\willi\.codemix\engine\resources\app\extensions\merge-conflict\out\extension
[2018-12-07 06:25:30.813] [exthost1] [info] ExtensionService#_doActivateExtension vscode.search-rg {"startup":true,"activationEvent":"*"}
[2018-12-07 06:25:30.813] [exthost1] [info] ExtensionService#loadCommonJSModule c:\Users\willi\.codemix\engine\resources\app\extensions\search-rg\out\extension
[2018-12-07 06:25:30.828] [exthost1] [info] eager extensions activated
[2018-12-07 06:25:30.828] [exthost1] [info] ExtensionService#_doActivateExtension vscode.configuration-editing {"startup":false,"activationEvent":"onLanguage:jsonc"}
[2018-12-07 06:25:30.828] [exthost1] [info] ExtensionService#loadCommonJSModule c:\Users\willi\.codemix\engine\resources\app\extensions\configuration-editing\out\extension
[2018-12-07 06:25:30.865] [exthost1] [info] ExtensionService#_doActivateExtension vscode.json-language-features {"startup":false,"activationEvent":"onLanguage:jsonc"}
[2018-12-07 06:25:30.865] [exthost1] [info] ExtensionService#loadCommonJSModule c:\Users\willi\.codemix\engine\resources\app\extensions\json-language-features\client\dist\jsonMain
[2018-12-07 06:25:32.318] [exthost1] [info] ExtensionService#_doActivateExtension vscode.typescript-language-features {"startup":false,"activationEvent":"onLanguage:jsonc"}
[2018-12-07 06:25:32.318] [exthost1] [info] ExtensionService#loadCommonJSModule c:\Users\willi\.codemix\engine\resources\app\extensions\typescript-language-features\dist\extension
[2018-12-07 06:25:33.025] [exthost1] [info] ExtensionService#_doActivateExtension vscode.grunt {"startup":false,"activationEvent":"onCommand:workbench.action.tasks.runTask"}
[2018-12-07 06:25:33.025] [exthost1] [info] ExtensionService#loadCommonJSModule c:\Users\willi\.codemix\engine\resources\app\extensions\grunt\out\main
[2018-12-07 06:25:33.090] [exthost1] [info] ExtensionService#_doActivateExtension vscode.gulp {"startup":false,"activationEvent":"onCommand:workbench.action.tasks.runTask"}
[2018-12-07 06:25:33.090] [exthost1] [info] ExtensionService#loadCommonJSModule c:\Users\willi\.codemix\engine\resources\app\extensions\gulp\out\main
[2018-12-07 06:25:33.309] [exthost1] [info] ExtensionService#_doActivateExtension vscode.jake {"startup":false,"activationEvent":"onCommand:workbench.action.tasks.runTask"}
[2018-12-07 06:25:33.309] [exthost1] [info] ExtensionService#loadCommonJSModule c:\Users\willi\.codemix\engine\resources\app\extensions\jake\out\main
[2018-12-07 06:25:33.484] [exthost1] [info] ExtensionService#_doActivateExtension vscode.npm {"startup":false,"activationEvent":"onCommand:workbench.action.tasks.runTask"}
[2018-12-07 06:25:33.484] [exthost1] [info] ExtensionService#loadCommonJSModule c:\Users\willi\.codemix\engine\resources\app\extensions\npm\out\main
